e:\coding\cc++\win32\1412477_myexplorer\1412477_myexplorer\debug\1412477_myexplorer.pch
e:\coding\cc++\win32\1412477_myexplorer\1412477_myexplorer\debug\vc120.pdb
e:\coding\cc++\win32\1412477_myexplorer\1412477_myexplorer\debug\vc120.idb
e:\coding\cc++\win32\1412477_myexplorer\1412477_myexplorer\debug\stdafx.obj
e:\coding\cc++\win32\1412477_myexplorer\1412477_myexplorer\debug\1412477_myexplorer.obj
e:\coding\cc++\win32\1412477_myexplorer\1412477_myexplorer\debug\cconverter.obj
e:\coding\cc++\win32\1412477_myexplorer\1412477_myexplorer\debug\drivehelper.obj
e:\coding\cc++\win32\1412477_myexplorer\1412477_myexplorer\debug\drivesize.obj
e:\coding\cc++\win32\1412477_myexplorer\debug\1412477_myexplorer.ilk
e:\coding\cc++\win32\1412477_myexplorer\debug\1412477_myexplorer.exe
e:\coding\cc++\win32\1412477_myexplorer\debug\1412477_myexplorer.pdb
e:\coding\cc++\win32\1412477_myexplorer\1412477_myexplorer\debug\1412477_myexplorer.res
e:\coding\cc++\win32\1412477_myexplorer\1412477_myexplorer\debug\1412477_.5edf6af3.tlog\cl.command.1.tlog
e:\coding\cc++\win32\1412477_myexplorer\1412477_myexplorer\debug\1412477_.5edf6af3.tlog\cl.read.1.tlog
e:\coding\cc++\win32\1412477_myexplorer\1412477_myexplorer\debug\1412477_.5edf6af3.tlog\cl.write.1.tlog
e:\coding\cc++\win32\1412477_myexplorer\1412477_myexplorer\debug\1412477_.5edf6af3.tlog\link.command.1.tlog
e:\coding\cc++\win32\1412477_myexplorer\1412477_myexplorer\debug\1412477_.5edf6af3.tlog\link.read.1.tlog
e:\coding\cc++\win32\1412477_myexplorer\1412477_myexplorer\debug\1412477_.5edf6af3.tlog\link.write.1.tlog
e:\coding\cc++\win32\1412477_myexplorer\1412477_myexplorer\debug\1412477_.5edf6af3.tlog\rc.command.1.tlog
e:\coding\cc++\win32\1412477_myexplorer\1412477_myexplorer\debug\1412477_.5edf6af3.tlog\rc.read.1.tlog
e:\coding\cc++\win32\1412477_myexplorer\1412477_myexplorer\debug\1412477_.5edf6af3.tlog\rc.write.1.tlog
